Arguments: 
  /Users/dmitry/.nvm/versions/node/v15.5.0/bin/node /usr/local/Cellar/yarn/1.22.10/libexec/bin/yarn.js

PATH: 
  /Users/dmitry/.nvm/versions/node/v15.5.0/bin:/usr/local/bin:/usr/local/bin:/usr/local/sbin:/usr/local/bin:/usr/bin:/bin:/usr/sbin:/sbin:/Library/Apple/usr/bin:/Users/dmitry/.rvm/bin:/Users/dmitry/Library/Android/sdk/emulator:/Users/dmitry/Library/Android/sdk/tools:/Users/dmitry/Library/Android/sdk/tools/bin:/Users/dmitry/Library/Android/sdk/platform-tools:/usr/local/ec2/ec2-api-tools-1.7.5.0/bin

Yarn version: 
  1.22.10

Node version: 
  15.5.0

Platform: 
  darwin x64

Trace: 
  SyntaxError: /Users/dmitry/hacks/wisaw/expo/WiSaw/package.json: Unexpected token } in JSON at position 2980
      at JSON.parse (<anonymous>)
      at /usr/local/Cellar/yarn/1.22.10/libexec/lib/cli.js:1625:59
      at Generator.next (<anonymous>)
      at step (/usr/local/Cellar/yarn/1.22.10/libexec/lib/cli.js:310:30)
      at /usr/local/Cellar/yarn/1.22.10/libexec/lib/cli.js:321:13

npm manifest: 
  {
    "name": "WiSaw",
    "version": "0.0.1",
    "private": true,
    "author": "Echowaves Corp.",
    "license": "MIT",
    "main": "node_modules/expo/AppEntry.js",
    "scripts": {
      "start": "expo start",
      "android": "expo start --android",
      "ios": "expo start --ios",
      "web": "expo start --web",
      "eject": "expo eject"
    },
    "dependencies": {
      "@babel/plugin-transform-async-to-generator": "7.12.1",
      "@dudigital/react-native-zoomable-view": "1.0.16",
      "@react-native-community/async-storage": "1.12.1",
      "@react-native-community/cameraroll": "4.0.1",
      "@react-native-community/geolocation": "2.0.2",
      "@react-native-community/hooks": "2.6.0",
      "@react-native-community/masked-view": "0.1.10",
      "@react-native-community/netinfo": "5.9.9",
      "@react-native-community/slider": "3.0.3",
      "@react-native-community/viewpager": "4.2.2",
      "@react-navigation/core": "5.14.4",
      "@react-navigation/native": "5.8.10",
      "@react-navigation/stack": "5.12.8",
      "@rnhooks/keyboard": "^0.0.3",
      "jmespath": "0.15.0",
      "moment": "2.29.1",
      "native-base": "2.15.0",
      "prop-types": "15.7.2",
      "react": "17.0.1",
      "react-native-animatable": "1.3.3",
      "react-native-branch": "5.0.0",
      "react-native-camera": "3.40.0",
      "react-native-easy-grid": "0.2.2",
      "react-native-fast-image": "8.3.4",
      "react-native-fontawesome": "7.0.0",
      "react-native-gesture-handler": "1.9.0",
      "react-native-get-random-values": "1.5.0",
      "react-native-modal": "11.6.1",
      "react-native-permissions": "3.0.0",
      "react-native-reanimated": "1.13.2",
      "react-native-safe-area-context": "3.1.9",
      "react-native-safe-area-view": "1.1.1",
      "react-native-screens": "2.16.1",
      "react-native-secure-key-store": "2.0.9",
      "react-native-slider": "0.11.0",
      "react-native-super-grid": "4.0.3",
      "react-native-swiper": "1.6.0",
      "react-redux": "7.2.2",
      "react-timer-mixin": "0.13.4",
      "redux": "4.0.5",
      "redux-thunk": "2.3.0",
      "rn-fetch-blob": "0.12.0",
      "stringify-object": "3.3.0",
      "uuid": "8.3.2",
      "expo": "~40.0.0",
      "expo-status-bar": "~1.0.3",
      "react-native": "https://github.com/expo/react-native/archive/sdk-40.0.1.tar.gz",
      "react-native-web": "~0.13.12"
    },
    "devDependencies": {
      "@babel/core": "7.12.10",
      "@babel/runtime": "7.12.5",
      "@react-native-community/eslint-config": "2.0.0",
      "babel-eslint": "10.1.0",
      "babel-jest": "26.6.3",
      "eslint": "7.16.0",
      "eslint-config-airbnb": "18.2.1",
      "eslint-config-prettier": "7.1.0",
      "eslint-plugin-import": "2.22.1",
      "eslint-plugin-jest": "24.1.3",
      "eslint-plugin-jsx-a11y": "6.4.1",
      "eslint-plugin-react": "7.21.5",
      "eslint-plugin-react-hooks": "4.2.0",
      "eslint-plugin-react-native": "3.10.0",
      "jest": "26.6.3",
      "jetifier": "1.6.6",
      "metro-react-native-babel-preset": "0.64.0",
      "react-native-clean-project": "3.4.0",
      "react-test-renderer": "17.0.1"
    },
  }

yarn manifest: 
  No manifest

Lockfile: 
  No lockfile
